Build started 7/18/2017 10:41:34 AM.
     1>Project "D:\ABI_ut\Human-animal_v2\HumanAnimal.vcxproj" on node 2 (Rebuild target(s)).
     1>ClCompile:
         C:\Program Files (x86)\Microsoft Visual Studio 12.0\VC\bin\x86_amd64\CL.exe /c /Zi /nologo /W3 /WX- /sdl /O2 /Oi /GL /D NDEBUG /D _CONSOLE /D _UNICODE /D UNICODE /D _CRT_SECURE_NO_WARNINGS /Gm- /EHsc /MD /GS /Gy /fp:precise /Zc:wchar_t /Zc:forScope /Fo"x64\Release\\" /Fd"x64\Release\vc120.pdb" /Gd /TP /errorReport:prompt ABI_Utility.cpp connectedCom.cpp Main.cpp
         ABI_Utility.cpp
     1>ABI_Utility.cpp(1): warning C4005: '_CRT_SECURE_NO_WARNINGS' : macro redefinition
                 command-line arguments :  see previous definition of '_CRT_SECURE_NO_WARNINGS'
     1>d:\abi_ut\human-animal_v2\Connect.h(5): warning C4005: 'MIN' : macro redefinition
                 D:\ABI_ut\opencv24\build\include\opencv2/core/types_c.h(287) : see previous definition of 'MIN'
     1>d:\abi_ut\human-animal_v2\Connect.h(6): warning C4005: 'MAX' : macro redefinition
                 D:\ABI_ut\opencv24\build\include\opencv2/core/types_c.h(291) : see previous definition of 'MAX'
     1>ABI_Utility.cpp(35): warning C4129: 'S' : unrecognized character escape sequence
     1>ABI_Utility.cpp(57): warning C4267: 'initializing' : conversion from 'size_t' to 'int', possible loss of data
     1>ABI_Utility.cpp(82): warning C4267: 'initializing' : conversion from 'size_t' to 'int', possible loss of data
     1>ABI_Utility.cpp(127): warning C4267: 'initializing' : conversion from 'size_t' to 'int', possible loss of data
     1>ABI_Utility.cpp(198): warning C4267: '=' : conversion from 'size_t' to 'int', possible loss of data
     1>ABI_Utility.cpp(201): warning C4101: 'pos2' : unreferenced local variable
     1>ABI_Utility.cpp(165): warning C4101: 'ratio' : unreferenced local variable
     1>ABI_Utility.cpp(161): warning C4101: 'i' : unreferenced local variable
     1>ABI_Utility.cpp(201): warning C4101: 'pos1' : unreferenced local variable
     1>ABI_Utility.cpp(162): warning C4101: 'nid' : unreferenced local variable
     1>ABI_Utility.cpp(163): warning C4101: 'resized_rows' : unreferenced local variable
     1>ABI_Utility.cpp(161): warning C4101: 'j' : unreferenced local variable
     1>ABI_Utility.cpp(346): warning C4244: 'initializing' : conversion from 'double' to 'int64', possible loss of data
     1>ABI_Utility.cpp(565): warning C4244: '=' : conversion from 'int' to 'float', possible loss of data
     1>ABI_Utility.cpp(569): warning C4244: '=' : conversion from 'float' to 'int', possible loss of data
     1>ABI_Utility.cpp(574): warning C4244: '=' : conversion from 'int' to 'float', possible loss of data
     1>ABI_Utility.cpp(577): warning C4244: '=' : conversion from 'float' to 'int', possible loss of data
     1>ABI_Utility.cpp(600): warning C4554: '&' : check operator precedence for possible error; use parentheses to clarify precedence
     1>ABI_Utility.cpp(220): warning C4101: 'ratio' : unreferenced local variable
     1>ABI_Utility.cpp(216): warning C4101: 'i' : unreferenced local variable
     1>ABI_Utility.cpp(238): warning C4101: 'histc' : unreferenced local variable
     1>ABI_Utility.cpp(276): warning C4101: 'len' : unreferenced local variable
     1>ABI_Utility.cpp(258): warning C4101: 'imageFileName' : unreferenced local variable
     1>ABI_Utility.cpp(279): warning C4101: 'imgName' : unreferenced local variable
     1>ABI_Utility.cpp(262): warning C4101: 'imgList_ptr' : unreferenced local variable
     1>ABI_Utility.cpp(261): warning C4101: 'labelList_ptr' : unreferenced local variable
     1>ABI_Utility.cpp(315): warning C4101: 'fnum' : unreferenced local variable
     1>ABI_Utility.cpp(276): warning C4101: 'flag' : unreferenced local variable
     1>ABI_Utility.cpp(316): warning C4101: 'chr1' : unreferenced local variable
     1>ABI_Utility.cpp(218): warning C4101: 'resized_rows' : unreferenced local variable
     1>ABI_Utility.cpp(316): warning C4101: 'chr' : unreferenced local variable
     1>ABI_Utility.cpp(257): warning C4101: 'labelListName' : unreferenced local variable
     1>ABI_Utility.cpp(888): warning C4244: '=' : conversion from 'double' to 'float', possible loss of data
     1>ABI_Utility.cpp(892): warning C4244: '=' : conversion from 'double' to 'float', possible loss of data
     1>ABI_Utility.cpp(910): warning C4244: '=' : conversion from 'double' to 'float', possible loss of data
         connectedCom.cpp
     1>d:\abi_ut\human-animal_v2\Connect.h(5): warning C4005: 'MIN' : macro redefinition
                 D:\ABI_ut\opencv24\build\include\opencv2/core/types_c.h(287) : see previous definition of 'MIN'
     1>d:\abi_ut\human-animal_v2\Connect.h(6): warning C4005: 'MAX' : macro redefinition
                 D:\ABI_ut\opencv24\build\include\opencv2/core/types_c.h(291) : see previous definition of 'MAX'
     1>connectedCom.cpp(90): warning C4101: 'k' : unreferenced local variable
     1>connectedCom.cpp(352): warning C4101: 'height' : unreferenced local variable
         Main.cpp
     1>Main.cpp(1): warning C4005: '_CRT_SECURE_NO_WARNINGS' : macro redefinition
                 command-line arguments :  see previous definition of '_CRT_SECURE_NO_WARNINGS'
     1>Main.cpp(39): warning C4101: 'i' : unreferenced local variable
       Link:
         C:\Program Files (x86)\Microsoft Visual Studio 12.0\VC\bin\x86_amd64\link.exe /ERRORREPORT:PROMPT /OUT:"D:\ABI_ut\Human-animal_v2\x64\Release\HumanAnimal.exe" /INCREMENTAL:NO /NOLOGO ./libCaffe_release_x.lib kernel32.lib user32.lib gdi32.lib winspool.lib comdlg32.lib advapi32.lib shell32.lib ole32.lib oleaut32.lib uuid.lib odbc32.lib odbccp32.lib opencv_calib3d2413.lib opencv_calib3d2413d.lib opencv_contrib2413.lib opencv_contrib2413d.lib opencv_core2413.lib opencv_core2413d.lib opencv_features2d2413.lib opencv_features2d2413d.lib opencv_flann2413.lib opencv_flann2413d.lib opencv_gpu2413.lib opencv_gpu2413d.lib opencv_highgui2413.lib opencv_highgui2413d.lib opencv_imgproc2413.lib opencv_imgproc2413d.lib opencv_legacy2413.lib opencv_legacy2413d.lib opencv_ml2413.lib opencv_ml2413d.lib opencv_nonfree2413.lib opencv_nonfree2413d.lib opencv_objdetect2413.lib opencv_objdetect2413d.lib opencv_ocl2413.lib opencv_ocl2413d.lib opencv_photo2413.lib opencv_photo2413d.lib opencv_stitching2413.lib opencv_stitching2413d.lib opencv_superres2413.lib opencv_superres2413d.lib opencv_ts2413.lib opencv_ts2413d.lib opencv_video2413.lib opencv_video2413d.lib opencv_videostab2413.lib opencv_videostab2413d.lib kernel32.lib user32.lib gdi32.lib winspool.lib comdlg32.lib advapi32.lib shell32.lib ole32.lib oleaut32.lib uuid.lib odbc32.lib odbccp32.lib /MANIFEST /MANIFESTUAC:"level='asInvoker' uiAccess='false'" /manifest:embed /DEBUG /PDB:"D:\ABI_ut\Human-animal_v2\x64\Release\HumanAnimal.pdb" /SUBSYSTEM:CONSOLE /OPT:REF /OPT:ICF /LTCG /TLBID:1 /DYNAMICBASE /NXCOMPAT /IMPLIB:"D:\ABI_ut\Human-animal_v2\x64\Release\HumanAnimal.lib" /MACHINE:X64 x64\Release\ABI_Utility.obj
         x64\Release\connectedCom.obj
         x64\Release\Main.obj
         Generating code
         Finished generating code
     1>libCaffe_release_x.lib(net.obj) : warning LNK4204: 'D:\ABI_ut\Human-animal_v2\x64\Release\vc120.pdb' is missing debugging information for referencing module; linking object as if no debug info
     1>libCaffe_release_x.lib(openFile.obj) : warning LNK4204: 'D:\ABI_ut\Human-animal_v2\x64\Release\vc120.pdb' is missing debugging information for referencing module; linking object as if no debug info
     1>libCaffe_release_x.lib(fc_layer.obj) : warning LNK4204: 'D:\ABI_ut\Human-animal_v2\x64\Release\vc120.pdb' is missing debugging information for referencing module; linking object as if no debug info
     1>libCaffe_release_x.lib(softmax_layer.obj) : warning LNK4204: 'D:\ABI_ut\Human-animal_v2\x64\Release\vc120.pdb' is missing debugging information for referencing module; linking object as if no debug info
     1>libCaffe_release_x.lib(lrn_layer.obj) : warning LNK4204: 'D:\ABI_ut\Human-animal_v2\x64\Release\vc120.pdb' is missing debugging information for referencing module; linking object as if no debug info
     1>libCaffe_release_x.lib(input_layer.obj) : warning LNK4204: 'D:\ABI_ut\Human-animal_v2\x64\Release\vc120.pdb' is missing debugging information for referencing module; linking object as if no debug info
     1>libCaffe_release_x.lib(conv_layer.obj) : warning LNK4204: 'D:\ABI_ut\Human-animal_v2\x64\Release\vc120.pdb' is missing debugging information for referencing module; linking object as if no debug info
     1>libCaffe_release_x.lib(pool_layer.obj) : warning LNK4204: 'D:\ABI_ut\Human-animal_v2\x64\Release\vc120.pdb' is missing debugging information for referencing module; linking object as if no debug info
     1>libCaffe_release_x.lib(data.obj) : warning LNK4204: 'D:\ABI_ut\Human-animal_v2\x64\Release\vc120.pdb' is missing debugging information for referencing module; linking object as if no debug info
     1>libCaffe_release_x.lib(layer.obj) : warning LNK4204: 'D:\ABI_ut\Human-animal_v2\x64\Release\vc120.pdb' is missing debugging information for referencing module; linking object as if no debug info
     1>libCaffe_release_x.lib(actfunc.obj) : warning LNK4204: 'D:\ABI_ut\Human-animal_v2\x64\Release\vc120.pdb' is missing debugging information for referencing module; linking object as if no debug info
         HumanAnimal.vcxproj -> D:\ABI_ut\Human-animal_v2\x64\Release\HumanAnimal.exe
     1>Done Building Project "D:\ABI_ut\Human-animal_v2\HumanAnimal.vcxproj" (Rebuild target(s)).

Build succeeded.

Time Elapsed 00:00:06.50
